1627681011791	geckodriver	INFO	Listening on 127.0.0.1:58688
1627681012454	mozrunner::runner	INFO	Running command: "/Applications/Firefox.app/Contents/MacOS/firefox-bin" "--marionette" "-foreground" "-no-remote" "-profile" "/var/folders/3n/cy91y8hx0pv5gm1z1vpcrsfh0000gn/T/rust_mozprofileEScobM"
1627681042435	Marionette	INFO	Marionette enabled
2021-07-30 14:37:23.422 firefox-bin[87927:16424512] Warning: Expected min height of view: (<NSButton: 0x13fa19000>) to be less than or equal to 30 but got a height of 32.000000. This error will be logged once per view in violation.
2021-07-30 14:37:23.423 firefox-bin[87927:16424512] Warning: Expected min height of view: (<NSButton: 0x13fa18400>) to be less than or equal to 30 but got a height of 32.000000. This error will be logged once per view in violation.
2021-07-30 14:37:23.423 firefox-bin[87927:16424512] Warning: Expected min height of view: (<NSButton: 0x13fa18000>) to be less than or equal to 30 but got a height of 32.000000. This error will be logged once per view in violation.
2021-07-30 14:37:23.423 firefox-bin[87927:16424512] Warning: Expected min height of view: (<NSButton: 0x13fa17400>) to be less than or equal to 30 but got a height of 32.000000. This error will be logged once per view in violation.
2021-07-30 14:37:23.424 firefox-bin[87927:16424512] Warning: Expected min height of view: (<NSButton: 0x13fa19c00>) to be less than or equal to 30 but got a height of 32.000000. This error will be logged once per view in violation.
2021-07-30 14:37:23.424 firefox-bin[87927:16424512] Warning: Expected min height of view: (<NSPopoverTouchBarItemButton: 0x13fa13800>) to be less than or equal to 30 but got a height of 32.000000. This error will be logged once per view in violation.
2021-07-30 14:37:23.424 firefox-bin[87927:16424512] Warning: Expected min height of view: (<NSPopoverTouchBarItemButton: 0x13faea400>) to be less than or equal to 30 but got a height of 32.000000. This error will be logged once per view in violation.
console.warn: SearchSettings: "get: No settings file exists, new profile?" (new NotFoundError("Could not open the file at /var/folders/3n/cy91y8hx0pv5gm1z1vpcrsfh0000gn/T/rust_mozprofileEScobM/search.json.mozlz4", (void 0)))
console.error: BackgroundUpdate: 
  _reasonsToNotScheduleUpdates: Failed to check for Maintenance Service Registry Key: [Exception... "Component returned failure code: 0x80004001 (NS_ERROR_NOT_IMPLEMENTED) [nsIUpdateProcessor.getServiceRegKeyExists]"  nsresult: "0x80004001 (NS_ERROR_NOT_IMPLEMENTED)"  location: "JS frame :: resource://gre/modules/BackgroundUpdate.jsm :: _reasonsToNotScheduleUpdates :: line 243"  data: no]
1627681044568	Marionette	INFO	Listening on port 58703
1627681044650	Marionette	WARN	TLS certificate errors will be ignored for this session
Exiting due to channel error.
Exiting due to channel error.
Exiting due to channel error.
1627681111401	geckodriver	INFO	Listening on 127.0.0.1:59173
1627681111408	mozrunner::runner	INFO	Running command: "/Applications/Firefox.app/Contents/MacOS/firefox-bin" "--marionette" "-foreground" "-no-remote" "-profile" "/var/folders/3n/cy91y8hx0pv5gm1z1vpcrsfh0000gn/T/rust_mozprofileA3yUCr"
1627681111715	Marionette	INFO	Marionette enabled
2021-07-30 14:38:32.387 firefox-bin[87979:16425929] Warning: Expected min height of view: (<NSButton: 0x13be61c00>) to be less than or equal to 30 but got a height of 32.000000. This error will be logged once per view in violation.
2021-07-30 14:38:32.388 firefox-bin[87979:16425929] Warning: Expected min height of view: (<NSButton: 0x13c0f2c00>) to be less than or equal to 30 but got a height of 32.000000. This error will be logged once per view in violation.
2021-07-30 14:38:32.388 firefox-bin[87979:16425929] Warning: Expected min height of view: (<NSButton: 0x13c0f0c00>) to be less than or equal to 30 but got a height of 32.000000. This error will be logged once per view in violation.
2021-07-30 14:38:32.388 firefox-bin[87979:16425929] Warning: Expected min height of view: (<NSButton: 0x13c0f2800>) to be less than or equal to 30 but got a height of 32.000000. This error will be logged once per view in violation.
2021-07-30 14:38:32.389 firefox-bin[87979:16425929] Warning: Expected min height of view: (<NSButton: 0x13c0ec800>) to be less than or equal to 30 but got a height of 32.000000. This error will be logged once per view in violation.
2021-07-30 14:38:32.389 firefox-bin[87979:16425929] Warning: Expected min height of view: (<NSPopoverTouchBarItemButton: 0x13c0ec400>) to be less than or equal to 30 but got a height of 32.000000. This error will be logged once per view in violation.
2021-07-30 14:38:32.389 firefox-bin[87979:16425929] Warning: Expected min height of view: (<NSPopoverTouchBarItemButton: 0x13c0f5c00>) to be less than or equal to 30 but got a height of 32.000000. This error will be logged once per view in violation.
console.warn: SearchSettings: "get: No settings file exists, new profile?" (new NotFoundError("Could not open the file at /var/folders/3n/cy91y8hx0pv5gm1z1vpcrsfh0000gn/T/rust_mozprofileA3yUCr/search.json.mozlz4", (void 0)))
console.error: BackgroundUpdate: 
  _reasonsToNotScheduleUpdates: Failed to check for Maintenance Service Registry Key: [Exception... "Component returned failure code: 0x80004001 (NS_ERROR_NOT_IMPLEMENTED) [nsIUpdateProcessor.getServiceRegKeyExists]"  nsresult: "0x80004001 (NS_ERROR_NOT_IMPLEMENTED)"  location: "JS frame :: resource://gre/modules/BackgroundUpdate.jsm :: _reasonsToNotScheduleUpdates :: line 243"  data: no]
1627681113373	Marionette	INFO	Listening on port 59182
1627681113392	Marionette	WARN	TLS certificate errors will be ignored for this session
1627681133990	Marionette	INFO	Stopped listening on port 59182

###!!! [Parent][RunMessage] Error: Channel closing: too late to send/recv, messages will be lost

1627681136970	geckodriver	INFO	Listening on 127.0.0.1:59284
1627681136979	mozrunner::runner	INFO	Running command: "/Applications/Firefox.app/Contents/MacOS/firefox-bin" "--marionette" "-foreground" "-no-remote" "-profile" "/var/folders/3n/cy91y8hx0pv5gm1z1vpcrsfh0000gn/T/rust_mozprofileHgz8pb"
1627681137289	Marionette	INFO	Marionette enabled
2021-07-30 14:38:57.975 firefox-bin[87998:16426796] Warning: Expected min height of view: (<NSButton: 0x13fd04400>) to be less than or equal to 30 but got a height of 32.000000. This error will be logged once per view in violation.
2021-07-30 14:38:57.976 firefox-bin[87998:16426796] Warning: Expected min height of view: (<NSButton: 0x13fd02c00>) to be less than or equal to 30 but got a height of 32.000000. This error will be logged once per view in violation.
2021-07-30 14:38:57.976 firefox-bin[87998:16426796] Warning: Expected min height of view: (<NSButton: 0x13fd09c00>) to be less than or equal to 30 but got a height of 32.000000. This error will be logged once per view in violation.
2021-07-30 14:38:57.976 firefox-bin[87998:16426796] Warning: Expected min height of view: (<NSButton: 0x13fd02400>) to be less than or equal to 30 but got a height of 32.000000. This error will be logged once per view in violation.
2021-07-30 14:38:57.977 firefox-bin[87998:16426796] Warning: Expected min height of view: (<NSButton: 0x13fd03000>) to be less than or equal to 30 but got a height of 32.000000. This error will be logged once per view in violation.
2021-07-30 14:38:57.977 firefox-bin[87998:16426796] Warning: Expected min height of view: (<NSPopoverTouchBarItemButton: 0x13fd03400>) to be less than or equal to 30 but got a height of 32.000000. This error will be logged once per view in violation.
2021-07-30 14:38:57.977 firefox-bin[87998:16426796] Warning: Expected min height of view: (<NSPopoverTouchBarItemButton: 0x13fde2000>) to be less than or equal to 30 but got a height of 32.000000. This error will be logged once per view in violation.
console.warn: SearchSettings: "get: No settings file exists, new profile?" (new NotFoundError("Could not open the file at /var/folders/3n/cy91y8hx0pv5gm1z1vpcrsfh0000gn/T/rust_mozprofileHgz8pb/search.json.mozlz4", (void 0)))
console.error: BackgroundUpdate: 
  _reasonsToNotScheduleUpdates: Failed to check for Maintenance Service Registry Key: [Exception... "Component returned failure code: 0x80004001 (NS_ERROR_NOT_IMPLEMENTED) [nsIUpdateProcessor.getServiceRegKeyExists]"  nsresult: "0x80004001 (NS_ERROR_NOT_IMPLEMENTED)"  location: "JS frame :: resource://gre/modules/BackgroundUpdate.jsm :: _reasonsToNotScheduleUpdates :: line 243"  data: no]
1627681138993	Marionette	INFO	Listening on port 59293
1627681139077	Marionette	WARN	TLS certificate errors will be ignored for this session
1627681150035	Marionette	INFO	Stopped listening on port 59293

###!!! [Parent][RunMessage] Error: Channel closing: too late to send/recv, messages will be lost

1627681604797	geckodriver	INFO	Listening on 127.0.0.1:59910
1627681605820	mozrunner::runner	INFO	Running command: "/Applications/Firefox.app/Contents/MacOS/firefox-bin" "--marionette" "-foreground" "-no-remote" "-profile" "/var/folders/3n/cy91y8hx0pv5gm1z1vpcrsfh0000gn/T/rust_mozprofile3pmrnj"
1627681607113	Marionette	INFO	Marionette enabled
2021-07-30 14:46:47.998 firefox-bin[88153:16432100] Warning: Expected min height of view: (<NSButton: 0x13bb9c400>) to be less than or equal to 30 but got a height of 32.000000. This error will be logged once per view in violation.
2021-07-30 14:46:47.998 firefox-bin[88153:16432100] Warning: Expected min height of view: (<NSButton: 0x13bba5800>) to be less than or equal to 30 but got a height of 32.000000. This error will be logged once per view in violation.
2021-07-30 14:46:47.998 firefox-bin[88153:16432100] Warning: Expected min height of view: (<NSButton: 0x13bba2800>) to be less than or equal to 30 but got a height of 32.000000. This error will be logged once per view in violation.
2021-07-30 14:46:47.999 firefox-bin[88153:16432100] Warning: Expected min height of view: (<NSButton: 0x13bba3000>) to be less than or equal to 30 but got a height of 32.000000. This error will be logged once per view in violation.
2021-07-30 14:46:47.999 firefox-bin[88153:16432100] Warning: Expected min height of view: (<NSButton: 0x13bba4000>) to be less than or equal to 30 but got a height of 32.000000. This error will be logged once per view in violation.
2021-07-30 14:46:47.999 firefox-bin[88153:16432100] Warning: Expected min height of view: (<NSPopoverTouchBarItemButton: 0x13bba1800>) to be less than or equal to 30 but got a height of 32.000000. This error will be logged once per view in violation.
2021-07-30 14:46:48.000 firefox-bin[88153:16432100] Warning: Expected min height of view: (<NSPopoverTouchBarItemButton: 0x13bd74400>) to be less than or equal to 30 but got a height of 32.000000. This error will be logged once per view in violation.
console.warn: SearchSettings: "get: No settings file exists, new profile?" (new NotFoundError("Could not open the file at /var/folders/3n/cy91y8hx0pv5gm1z1vpcrsfh0000gn/T/rust_mozprofile3pmrnj/search.json.mozlz4", (void 0)))
console.error: BackgroundUpdate: 
  _reasonsToNotScheduleUpdates: Failed to check for Maintenance Service Registry Key: [Exception... "Component returned failure code: 0x80004001 (NS_ERROR_NOT_IMPLEMENTED) [nsIUpdateProcessor.getServiceRegKeyExists]"  nsresult: "0x80004001 (NS_ERROR_NOT_IMPLEMENTED)"  location: "JS frame :: resource://gre/modules/BackgroundUpdate.jsm :: _reasonsToNotScheduleUpdates :: line 243"  data: no]
1627681609242	Marionette	INFO	Listening on port 59922
1627681609270	Marionette	WARN	TLS certificate errors will be ignored for this session
1627681782134	geckodriver	INFO	Listening on 127.0.0.1:60233
1627681782148	mozrunner::runner	INFO	Running command: "/Applications/Firefox.app/Contents/MacOS/firefox-bin" "--marionette" "-foreground" "-no-remote" "-profile" "/var/folders/3n/cy91y8hx0pv5gm1z1vpcrsfh0000gn/T/rust_mozprofileCkhKi4"
1627681782701	Marionette	INFO	Marionette enabled
2021-07-30 14:49:44.012 firefox-bin[88185:16434414] Warning: Expected min height of view: (<NSButton: 0x12f473c00>) to be less than or equal to 30 but got a height of 32.000000. This error will be logged once per view in violation.
2021-07-30 14:49:44.013 firefox-bin[88185:16434414] Warning: Expected min height of view: (<NSButton: 0x13dd2ec00>) to be less than or equal to 30 but got a height of 32.000000. This error will be logged once per view in violation.
2021-07-30 14:49:44.013 firefox-bin[88185:16434414] Warning: Expected min height of view: (<NSButton: 0x13dd32000>) to be less than or equal to 30 but got a height of 32.000000. This error will be logged once per view in violation.
2021-07-30 14:49:44.014 firefox-bin[88185:16434414] Warning: Expected min height of view: (<NSButton: 0x13dd2f000>) to be less than or equal to 30 but got a height of 32.000000. This error will be logged once per view in violation.
2021-07-30 14:49:44.014 firefox-bin[88185:16434414] Warning: Expected min height of view: (<NSButton: 0x13dd2f400>) to be less than or equal to 30 but got a height of 32.000000. This error will be logged once per view in violation.
2021-07-30 14:49:44.014 firefox-bin[88185:16434414] Warning: Expected min height of view: (<NSPopoverTouchBarItemButton: 0x13dd2fc00>) to be less than or equal to 30 but got a height of 32.000000. This error will be logged once per view in violation.
2021-07-30 14:49:44.015 firefox-bin[88185:16434414] Warning: Expected min height of view: (<NSPopoverTouchBarItemButton: 0x13de83c00>) to be less than or equal to 30 but got a height of 32.000000. This error will be logged once per view in violation.
console.warn: SearchSettings: "get: No settings file exists, new profile?" (new NotFoundError("Could not open the file at /var/folders/3n/cy91y8hx0pv5gm1z1vpcrsfh0000gn/T/rust_mozprofileCkhKi4/search.json.mozlz4", (void 0)))
console.error: BackgroundUpdate: 
  _reasonsToNotScheduleUpdates: Failed to check for Maintenance Service Registry Key: [Exception... "Component returned failure code: 0x80004001 (NS_ERROR_NOT_IMPLEMENTED) [nsIUpdateProcessor.getServiceRegKeyExists]"  nsresult: "0x80004001 (NS_ERROR_NOT_IMPLEMENTED)"  location: "JS frame :: resource://gre/modules/BackgroundUpdate.jsm :: _reasonsToNotScheduleUpdates :: line 243"  data: no]
1627681785113	Marionette	INFO	Listening on port 60242
1627681785182	Marionette	WARN	TLS certificate errors will be ignored for this session
1627681918699	geckodriver	INFO	Listening on 127.0.0.1:60712
1627681918714	mozrunner::runner	INFO	Running command: "/Applications/Firefox.app/Contents/MacOS/firefox-bin" "--marionette" "-foreground" "-no-remote" "-profile" "/var/folders/3n/cy91y8hx0pv5gm1z1vpcrsfh0000gn/T/rust_mozprofilenCmq8x"
1627681919568	Marionette	INFO	Marionette enabled
2021-07-30 14:52:00.631 firefox-bin[88293:16437620] Warning: Expected min height of view: (<NSButton: 0x133010400>) to be less than or equal to 30 but got a height of 32.000000. This error will be logged once per view in violation.
2021-07-30 14:52:00.631 firefox-bin[88293:16437620] Warning: Expected min height of view: (<NSButton: 0x13f24f000>) to be less than or equal to 30 but got a height of 32.000000. This error will be logged once per view in violation.
2021-07-30 14:52:00.631 firefox-bin[88293:16437620] Warning: Expected min height of view: (<NSButton: 0x13f250800>) to be less than or equal to 30 but got a height of 32.000000. This error will be logged once per view in violation.
2021-07-30 14:52:00.632 firefox-bin[88293:16437620] Warning: Expected min height of view: (<NSButton: 0x13f251000>) to be less than or equal to 30 but got a height of 32.000000. This error will be logged once per view in violation.
2021-07-30 14:52:00.632 firefox-bin[88293:16437620] Warning: Expected min height of view: (<NSButton: 0x13f251400>) to be less than or equal to 30 but got a height of 32.000000. This error will be logged once per view in violation.
2021-07-30 14:52:00.633 firefox-bin[88293:16437620] Warning: Expected min height of view: (<NSPopoverTouchBarItemButton: 0x13f24fc00>) to be less than or equal to 30 but got a height of 32.000000. This error will be logged once per view in violation.
2021-07-30 14:52:00.633 firefox-bin[88293:16437620] Warning: Expected min height of view: (<NSPopoverTouchBarItemButton: 0x13f364800>) to be less than or equal to 30 but got a height of 32.000000. This error will be logged once per view in violation.
console.warn: SearchSettings: "get: No settings file exists, new profile?" (new NotFoundError("Could not open the file at /var/folders/3n/cy91y8hx0pv5gm1z1vpcrsfh0000gn/T/rust_mozprofilenCmq8x/search.json.mozlz4", (void 0)))
console.error: BackgroundUpdate: 
  _reasonsToNotScheduleUpdates: Failed to check for Maintenance Service Registry Key: [Exception... "Component returned failure code: 0x80004001 (NS_ERROR_NOT_IMPLEMENTED) [nsIUpdateProcessor.getServiceRegKeyExists]"  nsresult: "0x80004001 (NS_ERROR_NOT_IMPLEMENTED)"  location: "JS frame :: resource://gre/modules/BackgroundUpdate.jsm :: _reasonsToNotScheduleUpdates :: line 243"  data: no]
1627681921938	Marionette	INFO	Listening on port 60721
1627681921957	Marionette	WARN	TLS certificate errors will be ignored for this session
console.warn: LoginRecipes: "getRecipes: falling back to a synchronous message for:" "https://accounts.google.com"
console.error: services.settings: 
  main/doh-providers Signature failed  InvalidSignatureError: Invalid content signature (main/doh-providers)
console.error: services.settings: 
  main/doh-providers local data was corrupted
console.warn: services.settings: main/doh-providers Signature verified failed. Retry from scratch
console.error: services.settings: 
  main/doh-config Signature failed  InvalidSignatureError: Invalid content signature (main/doh-config)
console.error: services.settings: 
  main/doh-config local data was corrupted
console.warn: services.settings: main/doh-config Signature verified failed. Retry from scratch
[ERROR osclientcerts_static::backend_macos] SecItemCopyMatching failed: -25300
1627682113874	geckodriver	INFO	Listening on 127.0.0.1:61062
1627682114891	mozrunner::runner	INFO	Running command: "/Applications/Firefox.app/Contents/MacOS/firefox-bin" "--marionette" "-foreground" "-no-remote" "-profile" "/var/folders/3n/cy91y8hx0pv5gm1z1vpcrsfh0000gn/T/rust_mozprofile3HjTlN"
1627682115436	Marionette	INFO	Marionette enabled
2021-07-30 14:55:16.266 firefox-bin[88357:16440909] Warning: Expected min height of view: (<NSButton: 0x130db1400>) to be less than or equal to 30 but got a height of 32.000000. This error will be logged once per view in violation.
2021-07-30 14:55:16.266 firefox-bin[88357:16440909] Warning: Expected min height of view: (<NSButton: 0x13f7e6400>) to be less than or equal to 30 but got a height of 32.000000. This error will be logged once per view in violation.
2021-07-30 14:55:16.266 firefox-bin[88357:16440909] Warning: Expected min height of view: (<NSButton: 0x13f7e3800>) to be less than or equal to 30 but got a height of 32.000000. This error will be logged once per view in violation.
2021-07-30 14:55:16.267 firefox-bin[88357:16440909] Warning: Expected min height of view: (<NSButton: 0x13f7e6800>) to be less than or equal to 30 but got a height of 32.000000. This error will be logged once per view in violation.
2021-07-30 14:55:16.267 firefox-bin[88357:16440909] Warning: Expected min height of view: (<NSButton: 0x13f7e4800>) to be less than or equal to 30 but got a height of 32.000000. This error will be logged once per view in violation.
2021-07-30 14:55:16.267 firefox-bin[88357:16440909] Warning: Expected min height of view: (<NSPopoverTouchBarItemButton: 0x13f7e1800>) to be less than or equal to 30 but got a height of 32.000000. This error will be logged once per view in violation.
2021-07-30 14:55:16.268 firefox-bin[88357:16440909] Warning: Expected min height of view: (<NSPopoverTouchBarItemButton: 0x13f7efc00>) to be less than or equal to 30 but got a height of 32.000000. This error will be logged once per view in violation.
console.warn: SearchSettings: "get: No settings file exists, new profile?" (new NotFoundError("Could not open the file at /var/folders/3n/cy91y8hx0pv5gm1z1vpcrsfh0000gn/T/rust_mozprofile3HjTlN/search.json.mozlz4", (void 0)))
console.error: BackgroundUpdate: 
  _reasonsToNotScheduleUpdates: Failed to check for Maintenance Service Registry Key: [Exception... "Component returned failure code: 0x80004001 (NS_ERROR_NOT_IMPLEMENTED) [nsIUpdateProcessor.getServiceRegKeyExists]"  nsresult: "0x80004001 (NS_ERROR_NOT_IMPLEMENTED)"  location: "JS frame :: resource://gre/modules/BackgroundUpdate.jsm :: _reasonsToNotScheduleUpdates :: line 243"  data: no]
1627682117607	Marionette	INFO	Listening on port 61074
1627682117714	Marionette	WARN	TLS certificate errors will be ignored for this session
console.log: WebExtensions: reset-default-search: starting.
console.log: WebExtensions: reset-default-search: No addons in our list are installed.
console.error: (new TypeError("watcher.browserElement.browsingContext is null", "resource://devtools/server/actors/watcher/target-helpers/frame-helper.js", 136))
JavaScript error: resource://devtools/server/connectors/js-window-actor/DevToolsFrameChild.jsm, line 279: Error: Trying to destroy a target actor that doesn't exists, or has already been destroyed. Watcher Actor ID:server0.conn0.watcher2
JavaScript error: resource://devtools/server/connectors/js-window-actor/DevToolsFrameChild.jsm, line 279: Error: Trying to destroy a target actor that doesn't exists, or has already been destroyed. Watcher Actor ID:server0.conn0.watcher2
JavaScript error: resource://devtools/server/connectors/js-window-actor/DevToolsFrameChild.jsm, line 279: Error: Trying to destroy a target actor that doesn't exists, or has already been destroyed. Watcher Actor ID:server0.conn0.watcher2
JavaScript error: resource://devtools/server/connectors/js-window-actor/DevToolsFrameChild.jsm, line 279: Error: Trying to destroy a target actor that doesn't exists, or has already been destroyed. Watcher Actor ID:server0.conn0.watcher2
1627682146029	geckodriver	INFO	Listening on 127.0.0.1:61193
1627682146137	mozrunner::runner	INFO	Running command: "/Applications/Firefox.app/Contents/MacOS/firefox-bin" "--marionette" "-foreground" "-no-remote" "-profile" "/var/folders/3n/cy91y8hx0pv5gm1z1vpcrsfh0000gn/T/rust_mozprofileyo0wIc"
1627682146543	Marionette	INFO	Marionette enabled
2021-07-30 14:55:47.356 firefox-bin[88376:16441911] Warning: Expected min height of view: (<NSButton: 0x13f498400>) to be less than or equal to 30 but got a height of 32.000000. This error will be logged once per view in violation.
2021-07-30 14:55:47.356 firefox-bin[88376:16441911] Warning: Expected min height of view: (<NSButton: 0x13f495000>) to be less than or equal to 30 but got a height of 32.000000. This error will be logged once per view in violation.
2021-07-30 14:55:47.357 firefox-bin[88376:16441911] Warning: Expected min height of view: (<NSButton: 0x13f491c00>) to be less than or equal to 30 but got a height of 32.000000. This error will be logged once per view in violation.
2021-07-30 14:55:47.357 firefox-bin[88376:16441911] Warning: Expected min height of view: (<NSButton: 0x13f495800>) to be less than or equal to 30 but got a height of 32.000000. This error will be logged once per view in violation.
2021-07-30 14:55:47.357 firefox-bin[88376:16441911] Warning: Expected min height of view: (<NSButton: 0x13f498800>) to be less than or equal to 30 but got a height of 32.000000. This error will be logged once per view in violation.
2021-07-30 14:55:47.358 firefox-bin[88376:16441911] Warning: Expected min height of view: (<NSPopoverTouchBarItemButton: 0x13f498000>) to be less than or equal to 30 but got a height of 32.000000. This error will be logged once per view in violation.
2021-07-30 14:55:47.358 firefox-bin[88376:16441911] Warning: Expected min height of view: (<NSPopoverTouchBarItemButton: 0x13f4a0c00>) to be less than or equal to 30 but got a height of 32.000000. This error will be logged once per view in violation.
console.warn: SearchSettings: "get: No settings file exists, new profile?" (new NotFoundError("Could not open the file at /var/folders/3n/cy91y8hx0pv5gm1z1vpcrsfh0000gn/T/rust_mozprofileyo0wIc/search.json.mozlz4", (void 0)))
console.error: BackgroundUpdate: 
  _reasonsToNotScheduleUpdates: Failed to check for Maintenance Service Registry Key: [Exception... "Component returned failure code: 0x80004001 (NS_ERROR_NOT_IMPLEMENTED) [nsIUpdateProcessor.getServiceRegKeyExists]"  nsresult: "0x80004001 (NS_ERROR_NOT_IMPLEMENTED)"  location: "JS frame :: resource://gre/modules/BackgroundUpdate.jsm :: _reasonsToNotScheduleUpdates :: line 243"  data: no]
1627682148536	Marionette	INFO	Listening on port 61203
1627682148635	Marionette	WARN	TLS certificate errors will be ignored for this session
console.error: services.settings: 
  main/doh-providers Signature failed  InvalidSignatureError: Invalid content signature (main/doh-providers)
console.error: services.settings: 
  main/doh-providers local data was corrupted
console.warn: services.settings: main/doh-providers Signature verified failed. Retry from scratch
console.error: services.settings: 
  main/doh-config Signature failed  InvalidSignatureError: Invalid content signature (main/doh-config)
console.error: services.settings: 
  main/doh-config local data was corrupted
console.warn: services.settings: main/doh-config Signature verified failed. Retry from scratch
[ERROR osclientcerts_static::backend_macos] SecItemCopyMatching failed: -25300
1627682186656	geckodriver	INFO	Listening on 127.0.0.1:61338
1627682187680	mozrunner::runner	INFO	Running command: "/Applications/Firefox.app/Contents/MacOS/firefox-bin" "--marionette" "-foreground" "-no-remote" "-profile" "/var/folders/3n/cy91y8hx0pv5gm1z1vpcrsfh0000gn/T/rust_mozprofileZCLDDu"
1627682188209	Marionette	INFO	Marionette enabled
2021-07-30 14:56:29.005 firefox-bin[88400:16442945] Warning: Expected min height of view: (<NSButton: 0x13bb07800>) to be less than or equal to 30 but got a height of 32.000000. This error will be logged once per view in violation.
2021-07-30 14:56:29.005 firefox-bin[88400:16442945] Warning: Expected min height of view: (<NSButton: 0x13bb08000>) to be less than or equal to 30 but got a height of 32.000000. This error will be logged once per view in violation.
2021-07-30 14:56:29.006 firefox-bin[88400:16442945] Warning: Expected min height of view: (<NSButton: 0x13bb04c00>) to be less than or equal to 30 but got a height of 32.000000. This error will be logged once per view in violation.
2021-07-30 14:56:29.006 firefox-bin[88400:16442945] Warning: Expected min height of view: (<NSButton: 0x13bb06400>) to be less than or equal to 30 but got a height of 32.000000. This error will be logged once per view in violation.
2021-07-30 14:56:29.006 firefox-bin[88400:16442945] Warning: Expected min height of view: (<NSButton: 0x13bb05000>) to be less than or equal to 30 but got a height of 32.000000. This error will be logged once per view in violation.
2021-07-30 14:56:29.007 firefox-bin[88400:16442945] Warning: Expected min height of view: (<NSPopoverTouchBarItemButton: 0x13bb03c00>) to be less than or equal to 30 but got a height of 32.000000. This error will be logged once per view in violation.
2021-07-30 14:56:29.007 firefox-bin[88400:16442945] Warning: Expected min height of view: (<NSPopoverTouchBarItemButton: 0x13bb0f000>) to be less than or equal to 30 but got a height of 32.000000. This error will be logged once per view in violation.
console.warn: SearchSettings: "get: No settings file exists, new profile?" (new NotFoundError("Could not open the file at /var/folders/3n/cy91y8hx0pv5gm1z1vpcrsfh0000gn/T/rust_mozprofileZCLDDu/search.json.mozlz4", (void 0)))
console.error: BackgroundUpdate: 
  _reasonsToNotScheduleUpdates: Failed to check for Maintenance Service Registry Key: [Exception... "Component returned failure code: 0x80004001 (NS_ERROR_NOT_IMPLEMENTED) [nsIUpdateProcessor.getServiceRegKeyExists]"  nsresult: "0x80004001 (NS_ERROR_NOT_IMPLEMENTED)"  location: "JS frame :: resource://gre/modules/BackgroundUpdate.jsm :: _reasonsToNotScheduleUpdates :: line 243"  data: no]
1627682190175	Marionette	INFO	Listening on port 61350
1627682190285	Marionette	WARN	TLS certificate errors will be ignored for this session
console.log: WebExtensions: reset-default-search: starting.
console.log: WebExtensions: reset-default-search: No addons in our list are installed.
console.error: services.settings: 
  main/doh-providers Signature failed  InvalidSignatureError: Invalid content signature (main/doh-providers)
console.error: services.settings: 
  main/doh-providers local data was corrupted
console.warn: services.settings: main/doh-providers Signature verified failed. Retry from scratch
console.error: services.settings: 
  main/doh-config Signature failed  InvalidSignatureError: Invalid content signature (main/doh-config)
console.error: services.settings: 
  main/doh-config local data was corrupted
console.warn: services.settings: main/doh-config Signature verified failed. Retry from scratch
[ERROR osclientcerts_static::backend_macos] SecItemCopyMatching failed: -25300
console.log: WebExtensions: reset-default-search: starting.
console.log: WebExtensions: reset-default-search: No addons in our list are installed.
console.error: services.settings: 
  main/doh-providers Signature failed  InvalidSignatureError: Invalid content signature (main/doh-providers)
console.error: services.settings: 
  main/doh-providers local data was corrupted
console.warn: services.settings: main/doh-providers Signature verified failed. Retry from scratch
console.error: services.settings: 
  main/doh-config Signature failed  InvalidSignatureError: Invalid content signature (main/doh-config)
console.error: services.settings: 
  main/doh-config local data was corrupted
console.warn: services.settings: main/doh-config Signature verified failed. Retry from scratch
[ERROR osclientcerts_static::backend_macos] SecItemCopyMatching failed: -25300
console.error: services.settings: 
  main/doh-providers Signature failed  InvalidSignatureError: Invalid content signature (main/doh-providers)
console.error: services.settings: 
  main/doh-providers local data was corrupted
console.warn: services.settings: main/doh-providers Signature verified failed. Retry from scratch
console.error: services.settings: 
  main/doh-config Signature failed  InvalidSignatureError: Invalid content signature (main/doh-config)
console.error: services.settings: 
  main/doh-config local data was corrupted
console.warn: services.settings: main/doh-config Signature verified failed. Retry from scratch
[ERROR osclientcerts_static::backend_macos] SecItemCopyMatching failed: -25300
console.error: services.settings: 
  main/doh-providers Signature failed  InvalidSignatureError: Invalid content signature (main/doh-providers)
console.error: services.settings: 
  main/doh-providers local data was corrupted
console.warn: services.settings: main/doh-providers Signature verified failed. Retry from scratch
console.error: services.settings: 
  main/doh-config Signature failed  InvalidSignatureError: Invalid content signature (main/doh-config)
console.error: services.settings: 
  main/doh-config local data was corrupted
console.warn: services.settings: main/doh-config Signature verified failed. Retry from scratch
[ERROR osclientcerts_static::backend_macos] SecItemCopyMatching failed: -25300
console.warn: LoginRecipes: "getRecipes: falling back to a synchronous message for:" "https://accounts.google.com"
console.log: WebExtensions: reset-default-search: starting.
console.log: WebExtensions: reset-default-search: No addons in our list are installed.
console.error: (new TypeError("parent is null", "resource://devtools/client/inspector/shared/style-change-tracker.js", 67))
TypeError: parent is null: canMutationImpactCurrentStyles@resource://devtools/client/inspector/shared/style-change-tracker.js:67:24
onMutations@resource://devtools/client/inspector/shared/style-change-tracker.js:84:41
_emit@resource://devtools/shared/event-emitter.js:226:34
emit@resource://devtools/shared/event-emitter.js:172:18
emit@resource://devtools/shared/event-emitter.js:324:18
getMutations@resource://devtools/client/fronts/walker.js:311:10

console.error: (new TypeError("parent is null", "resource://devtools/client/inspector/shared/style-change-tracker.js", 67))
TypeError: parent is null: canMutationImpactCurrentStyles@resource://devtools/client/inspector/shared/style-change-tracker.js:67:24
onMutations@resource://devtools/client/inspector/shared/style-change-tracker.js:84:41
_emit@resource://devtools/shared/event-emitter.js:226:34
emit@resource://devtools/shared/event-emitter.js:172:18
emit@resource://devtools/shared/event-emitter.js:324:18
getMutations@resource://devtools/client/fronts/walker.js:311:10

console.warn: LoginRecipes: "getRecipes: falling back to a synchronous message for:" "https://accounts.google.com"
console.error: (new TypeError("parent is null", "resource://devtools/client/inspector/shared/style-change-tracker.js", 67))
TypeError: parent is null: canMutationImpactCurrentStyles@resource://devtools/client/inspector/shared/style-change-tracker.js:67:24
onMutations@resource://devtools/client/inspector/shared/style-change-tracker.js:84:41
_emit@resource://devtools/shared/event-emitter.js:226:34
emit@resource://devtools/shared/event-emitter.js:172:18
emit@resource://devtools/shared/event-emitter.js:324:18
getMutations@resource://devtools/client/fronts/walker.js:311:10

console.error: "Error while calling actor 'pagestyle's method 'getApplied'" "node is null"
console.error: (new TypeError("node is null", "resource://devtools/server/actors/page-style.js", 570))
console.error: (new TypeError("parent is null", "resource://devtools/client/inspector/shared/style-change-tracker.js", 67))
TypeError: parent is null: canMutationImpactCurrentStyles@resource://devtools/client/inspector/shared/style-change-tracker.js:67:24
onMutations@resource://devtools/client/inspector/shared/style-change-tracker.js:84:41
_emit@resource://devtools/shared/event-emitter.js:226:34
emit@resource://devtools/shared/event-emitter.js:172:18
emit@resource://devtools/shared/event-emitter.js:324:18
getMutations@resource://devtools/client/fronts/walker.js:311:10

console.error: (new Error("Protocol error (TypeError): node is null from: server0.conn0.child4/pagestyle24 (resource://devtools/server/actors/page-style.js:570:5)", "resource://devtools/shared/protocol/Front.js", 365))
console.log: WebExtensions: reset-default-search: starting.
console.log: WebExtensions: reset-default-search: No addons in our list are installed.
console.warn: LoginRecipes: "getRecipes: falling back to a synchronous message for:" "https://accounts.google.com"
console.log: WebExtensions: reset-default-search: starting.
console.log: WebExtensions: reset-default-search: No addons in our list are installed.
1627682774082	geckodriver	INFO	Listening on 127.0.0.1:62142
1627682774090	mozrunner::runner	INFO	Running command: "/Applications/Firefox.app/Contents/MacOS/firefox-bin" "--marionette" "-foreground" "-no-remote" "-profile" "/var/folders/3n/cy91y8hx0pv5gm1z1vpcrsfh0000gn/T/rust_mozprofilegEt88T"
1627682774978	Marionette	INFO	Marionette enabled
2021-07-30 15:06:15.924 firefox-bin[88517:16449126] Warning: Expected min height of view: (<NSButton: 0x12f2b7800>) to be less than or equal to 30 but got a height of 32.000000. This error will be logged once per view in violation.
2021-07-30 15:06:15.925 firefox-bin[88517:16449126] Warning: Expected min height of view: (<NSButton: 0x13da41400>) to be less than or equal to 30 but got a height of 32.000000. This error will be logged once per view in violation.
2021-07-30 15:06:15.925 firefox-bin[88517:16449126] Warning: Expected min height of view: (<NSButton: 0x13da41800>) to be less than or equal to 30 but got a height of 32.000000. This error will be logged once per view in violation.
2021-07-30 15:06:15.925 firefox-bin[88517:16449126] Warning: Expected min height of view: (<NSButton: 0x13da3f400>) to be less than or equal to 30 but got a height of 32.000000. This error will be logged once per view in violation.
2021-07-30 15:06:15.926 firefox-bin[88517:16449126] Warning: Expected min height of view: (<NSButton: 0x13da3e800>) to be less than or equal to 30 but got a height of 32.000000. This error will be logged once per view in violation.
2021-07-30 15:06:15.926 firefox-bin[88517:16449126] Warning: Expected min height of view: (<NSPopoverTouchBarItemButton: 0x13da40c00>) to be less than or equal to 30 but got a height of 32.000000. This error will be logged once per view in violation.
2021-07-30 15:06:15.926 firefox-bin[88517:16449126] Warning: Expected min height of view: (<NSPopoverTouchBarItemButton: 0x13db66400>) to be less than or equal to 30 but got a height of 32.000000. This error will be logged once per view in violation.
console.warn: SearchSettings: "get: No settings file exists, new profile?" (new NotFoundError("Could not open the file at /var/folders/3n/cy91y8hx0pv5gm1z1vpcrsfh0000gn/T/rust_mozprofilegEt88T/search.json.mozlz4", (void 0)))
console.error: BackgroundUpdate: 
  _reasonsToNotScheduleUpdates: Failed to check for Maintenance Service Registry Key: [Exception... "Component returned failure code: 0x80004001 (NS_ERROR_NOT_IMPLEMENTED) [nsIUpdateProcessor.getServiceRegKeyExists]"  nsresult: "0x80004001 (NS_ERROR_NOT_IMPLEMENTED)"  location: "JS frame :: resource://gre/modules/BackgroundUpdate.jsm :: _reasonsToNotScheduleUpdates :: line 243"  data: no]
1627682777121	Marionette	INFO	Listening on port 62151
1627682777216	Marionette	WARN	TLS certificate errors will be ignored for this session
console.error: (new TypeError("watcher.browserElement.browsingContext is null", "resource://devtools/server/actors/watcher/target-helpers/frame-helper.js", 136))
JavaScript error: resource://devtools/server/connectors/js-window-actor/DevToolsFrameChild.jsm, line 279: Error: Trying to destroy a target actor that doesn't exists, or has already been destroyed. Watcher Actor ID:server0.conn0.watcher2
JavaScript error: resource://devtools/server/connectors/js-window-actor/DevToolsFrameChild.jsm, line 279: Error: Trying to destroy a target actor that doesn't exists, or has already been destroyed. Watcher Actor ID:server0.conn0.watcher2
JavaScript error: resource://devtools/server/connectors/js-window-actor/DevToolsFrameChild.jsm, line 279: Error: Trying to destroy a target actor that doesn't exists, or has already been destroyed. Watcher Actor ID:server0.conn0.watcher2
JavaScript error: resource://devtools/server/connectors/js-window-actor/DevToolsFrameChild.jsm, line 279: Error: Trying to destroy a target actor that doesn't exists, or has already been destroyed. Watcher Actor ID:server0.conn0.watcher2
JavaScript error: resource://devtools/server/connectors/js-window-actor/DevToolsFrameChild.jsm, line 279: Error: Trying to destroy a target actor that doesn't exists, or has already been destroyed. Watcher Actor ID:server0.conn0.watcher2
1627682881615	geckodriver	INFO	Listening on 127.0.0.1:62372
1627682882638	mozrunner::runner	INFO	Running command: "/Applications/Firefox.app/Contents/MacOS/firefox-bin" "--marionette" "-foreground" "-no-remote" "-profile" "/var/folders/3n/cy91y8hx0pv5gm1z1vpcrsfh0000gn/T/rust_mozprofile89cRgg"
1627682883238	Marionette	INFO	Marionette enabled
2021-07-30 15:08:04.006 firefox-bin[88544:16450584] Warning: Expected min height of view: (<NSButton: 0x130356c00>) to be less than or equal to 30 but got a height of 32.000000. This error will be logged once per view in violation.
2021-07-30 15:08:04.007 firefox-bin[88544:16450584] Warning: Expected min height of view: (<NSButton: 0x13db33800>) to be less than or equal to 30 but got a height of 32.000000. This error will be logged once per view in violation.
2021-07-30 15:08:04.007 firefox-bin[88544:16450584] Warning: Expected min height of view: (<NSButton: 0x13db30400>) to be less than or equal to 30 but got a height of 32.000000. This error will be logged once per view in violation.
2021-07-30 15:08:04.007 firefox-bin[88544:16450584] Warning: Expected min height of view: (<NSButton: 0x13db35800>) to be less than or equal to 30 but got a height of 32.000000. This error will be logged once per view in violation.
2021-07-30 15:08:04.008 firefox-bin[88544:16450584] Warning: Expected min height of view: (<NSButton: 0x13db33c00>) to be less than or equal to 30 but got a height of 32.000000. This error will be logged once per view in violation.
2021-07-30 15:08:04.008 firefox-bin[88544:16450584] Warning: Expected min height of view: (<NSPopoverTouchBarItemButton: 0x13db2fc00>) to be less than or equal to 30 but got a height of 32.000000. This error will be logged once per view in violation.
2021-07-30 15:08:04.008 firefox-bin[88544:16450584] Warning: Expected min height of view: (<NSPopoverTouchBarItemButton: 0x13dc66c00>) to be less than or equal to 30 but got a height of 32.000000. This error will be logged once per view in violation.
console.warn: SearchSettings: "get: No settings file exists, new profile?" (new NotFoundError("Could not open the file at /var/folders/3n/cy91y8hx0pv5gm1z1vpcrsfh0000gn/T/rust_mozprofile89cRgg/search.json.mozlz4", (void 0)))
console.error: BackgroundUpdate: 
  _reasonsToNotScheduleUpdates: Failed to check for Maintenance Service Registry Key: [Exception... "Component returned failure code: 0x80004001 (NS_ERROR_NOT_IMPLEMENTED) [nsIUpdateProcessor.getServiceRegKeyExists]"  nsresult: "0x80004001 (NS_ERROR_NOT_IMPLEMENTED)"  location: "JS frame :: resource://gre/modules/BackgroundUpdate.jsm :: _reasonsToNotScheduleUpdates :: line 243"  data: no]
1627682885302	Marionette	INFO	Listening on port 62385
1627682885373	Marionette	WARN	TLS certificate errors will be ignored for this session
1627682912444	geckodriver	INFO	Listening on 127.0.0.1:62505
1627682913461	mozrunner::runner	INFO	Running command: "/Applications/Firefox.app/Contents/MacOS/firefox-bin" "--marionette" "-foreground" "-no-remote" "-profile" "/var/folders/3n/cy91y8hx0pv5gm1z1vpcrsfh0000gn/T/rust_mozprofile46C16M"
1627682913941	Marionette	INFO	Marionette enabled
2021-07-30 15:08:34.692 firefox-bin[88571:16451585] Warning: Expected min height of view: (<NSButton: 0x13b248c00>) to be less than or equal to 30 but got a height of 32.000000. This error will be logged once per view in violation.
2021-07-30 15:08:34.692 firefox-bin[88571:16451585] Warning: Expected min height of view: (<NSButton: 0x13b249c00>) to be less than or equal to 30 but got a height of 32.000000. This error will be logged once per view in violation.
2021-07-30 15:08:34.693 firefox-bin[88571:16451585] Warning: Expected min height of view: (<NSButton: 0x13b4cb800>) to be less than or equal to 30 but got a height of 32.000000. This error will be logged once per view in violation.
2021-07-30 15:08:34.693 firefox-bin[88571:16451585] Warning: Expected min height of view: (<NSButton: 0x13b4c5800>) to be less than or equal to 30 but got a height of 32.000000. This error will be logged once per view in violation.
2021-07-30 15:08:34.693 firefox-bin[88571:16451585] Warning: Expected min height of view: (<NSButton: 0x13b4c5c00>) to be less than or equal to 30 but got a height of 32.000000. This error will be logged once per view in violation.
2021-07-30 15:08:34.694 firefox-bin[88571:16451585] Warning: Expected min height of view: (<NSPopoverTouchBarItemButton: 0x13b4c6400>) to be less than or equal to 30 but got a height of 32.000000. This error will be logged once per view in violation.
2021-07-30 15:08:34.694 firefox-bin[88571:16451585] Warning: Expected min height of view: (<NSPopoverTouchBarItemButton: 0x13b4ccc00>) to be less than or equal to 30 but got a height of 32.000000. This error will be logged once per view in violation.
console.warn: SearchSettings: "get: No settings file exists, new profile?" (new NotFoundError("Could not open the file at /var/folders/3n/cy91y8hx0pv5gm1z1vpcrsfh0000gn/T/rust_mozprofile46C16M/search.json.mozlz4", (void 0)))
console.error: BackgroundUpdate: 
  _reasonsToNotScheduleUpdates: Failed to check for Maintenance Service Registry Key: [Exception... "Component returned failure code: 0x80004001 (NS_ERROR_NOT_IMPLEMENTED) [nsIUpdateProcessor.getServiceRegKeyExists]"  nsresult: "0x80004001 (NS_ERROR_NOT_IMPLEMENTED)"  location: "JS frame :: resource://gre/modules/BackgroundUpdate.jsm :: _reasonsToNotScheduleUpdates :: line 243"  data: no]
1627682915688	Marionette	INFO	Listening on port 62517
1627682915773	Marionette	WARN	TLS certificate errors will be ignored for this session

###!!! [Child][RunMessage] Error: Channel closing: too late to send/recv, messages will be lost

1627682931198	geckodriver	INFO	Listening on 127.0.0.1:62619
1627682931206	mozrunner::runner	INFO	Running command: "/Applications/Firefox.app/Contents/MacOS/firefox-bin" "--marionette" "-foreground" "-no-remote" "-profile" "/var/folders/3n/cy91y8hx0pv5gm1z1vpcrsfh0000gn/T/rust_mozprofileW4JZjb"
1627682931612	Marionette	INFO	Marionette enabled
2021-07-30 15:08:52.365 firefox-bin[88597:16452483] Warning: Expected min height of view: (<NSButton: 0x1312a0400>) to be less than or equal to 30 but got a height of 32.000000. This error will be logged once per view in violation.
2021-07-30 15:08:52.366 firefox-bin[88597:16452483] Warning: Expected min height of view: (<NSButton: 0x11e695400>) to be less than or equal to 30 but got a height of 32.000000. This error will be logged once per view in violation.
2021-07-30 15:08:52.366 firefox-bin[88597:16452483] Warning: Expected min height of view: (<NSButton: 0x13d734400>) to be less than or equal to 30 but got a height of 32.000000. This error will be logged once per view in violation.
2021-07-30 15:08:52.367 firefox-bin[88597:16452483] Warning: Expected min height of view: (<NSButton: 0x13d731000>) to be less than or equal to 30 but got a height of 32.000000. This error will be logged once per view in violation.
2021-07-30 15:08:52.367 firefox-bin[88597:16452483] Warning: Expected min height of view: (<NSButton: 0x13d735000>) to be less than or equal to 30 but got a height of 32.000000. This error will be logged once per view in violation.
2021-07-30 15:08:52.367 firefox-bin[88597:16452483] Warning: Expected min height of view: (<NSPopoverTouchBarItemButton: 0x13d735c00>) to be less than or equal to 30 but got a height of 32.000000. This error will be logged once per view in violation.
2021-07-30 15:08:52.367 firefox-bin[88597:16452483] Warning: Expected min height of view: (<NSPopoverTouchBarItemButton: 0x13d85ec00>) to be less than or equal to 30 but got a height of 32.000000. This error will be logged once per view in violation.
console.warn: SearchSettings: "get: No settings file exists, new profile?" (new NotFoundError("Could not open the file at /var/folders/3n/cy91y8hx0pv5gm1z1vpcrsfh0000gn/T/rust_mozprofileW4JZjb/search.json.mozlz4", (void 0)))
console.error: BackgroundUpdate: 
  _reasonsToNotScheduleUpdates: Failed to check for Maintenance Service Registry Key: [Exception... "Component returned failure code: 0x80004001 (NS_ERROR_NOT_IMPLEMENTED) [nsIUpdateProcessor.getServiceRegKeyExists]"  nsresult: "0x80004001 (NS_ERROR_NOT_IMPLEMENTED)"  location: "JS frame :: resource://gre/modules/BackgroundUpdate.jsm :: _reasonsToNotScheduleUpdates :: line 243"  data: no]
1627682933508	Marionette	INFO	Listening on port 62628
1627682933595	Marionette	WARN	TLS certificate errors will be ignored for this session
1627682946924	geckodriver	INFO	Listening on 127.0.0.1:62726
1627682946932	mozrunner::runner	INFO	Running command: "/Applications/Firefox.app/Contents/MacOS/firefox-bin" "--marionette" "-foreground" "-no-remote" "-profile" "/var/folders/3n/cy91y8hx0pv5gm1z1vpcrsfh0000gn/T/rust_mozprofileQsJzQR"
1627682947302	Marionette	INFO	Marionette enabled
2021-07-30 15:09:08.079 firefox-bin[88617:16453350] Warning: Expected min height of view: (<NSButton: 0x12ecf1400>) to be less than or equal to 30 but got a height of 32.000000. This error will be logged once per view in violation.
2021-07-30 15:09:08.080 firefox-bin[88617:16453350] Warning: Expected min height of view: (<NSButton: 0x13b02f000>) to be less than or equal to 30 but got a height of 32.000000. This error will be logged once per view in violation.
2021-07-30 15:09:08.080 firefox-bin[88617:16453350] Warning: Expected min height of view: (<NSButton: 0x13b02e800>) to be less than or equal to 30 but got a height of 32.000000. This error will be logged once per view in violation.
2021-07-30 15:09:08.080 firefox-bin[88617:16453350] Warning: Expected min height of view: (<NSButton: 0x13b02ec00>) to be less than or equal to 30 but got a height of 32.000000. This error will be logged once per view in violation.
2021-07-30 15:09:08.081 firefox-bin[88617:16453350] Warning: Expected min height of view: (<NSButton: 0x13b02fc00>) to be less than or equal to 30 but got a height of 32.000000. This error will be logged once per view in violation.
2021-07-30 15:09:08.081 firefox-bin[88617:16453350] Warning: Expected min height of view: (<NSPopoverTouchBarItemButton: 0x13b030000>) to be less than or equal to 30 but got a height of 32.000000. This error will be logged once per view in violation.
2021-07-30 15:09:08.081 firefox-bin[88617:16453350] Warning: Expected min height of view: (<NSPopoverTouchBarItemButton: 0x13b15f000>) to be less than or equal to 30 but got a height of 32.000000. This error will be logged once per view in violation.
console.warn: SearchSettings: "get: No settings file exists, new profile?" (new NotFoundError("Could not open the file at /var/folders/3n/cy91y8hx0pv5gm1z1vpcrsfh0000gn/T/rust_mozprofileQsJzQR/search.json.mozlz4", (void 0)))
console.error: BackgroundUpdate: 
  _reasonsToNotScheduleUpdates: Failed to check for Maintenance Service Registry Key: [Exception... "Component returned failure code: 0x80004001 (NS_ERROR_NOT_IMPLEMENTED) [nsIUpdateProcessor.getServiceRegKeyExists]"  nsresult: "0x80004001 (NS_ERROR_NOT_IMPLEMENTED)"  location: "JS frame :: resource://gre/modules/BackgroundUpdate.jsm :: _reasonsToNotScheduleUpdates :: line 243"  data: no]
1627682949185	Marionette	INFO	Listening on port 62735
1627682949245	Marionette	WARN	TLS certificate errors will be ignored for this session
console.error: services.settings: 
  main/doh-providers Signature failed  InvalidSignatureError: Invalid content signature (main/doh-providers)
console.error: services.settings: 
  main/doh-providers local data was corrupted
console.warn: services.settings: main/doh-providers Signature verified failed. Retry from scratch
console.error: services.settings: 
  main/doh-config Signature failed  InvalidSignatureError: Invalid content signature (main/doh-config)
console.error: services.settings: 
  main/doh-config local data was corrupted
console.warn: services.settings: main/doh-config Signature verified failed. Retry from scratch
[ERROR osclientcerts_static::backend_macos] SecItemCopyMatching failed: -25300
1627683245432	geckodriver	INFO	Listening on 127.0.0.1:63182
1627683246445	mozrunner::runner	INFO	Running command: "/Applications/Firefox.app/Contents/MacOS/firefox-bin" "--marionette" "-foreground" "-no-remote" "-profile" "/var/folders/3n/cy91y8hx0pv5gm1z1vpcrsfh0000gn/T/rust_mozprofile6akYxy"
1627683246979	Marionette	INFO	Marionette enabled
2021-07-30 15:14:07.900 firefox-bin[88666:16456662] Warning: Expected min height of view: (<NSButton: 0x13d048800>) to be less than or equal to 30 but got a height of 32.000000. This error will be logged once per view in violation.
2021-07-30 15:14:07.901 firefox-bin[88666:16456662] Warning: Expected min height of view: (<NSButton: 0x13d043000>) to be less than or equal to 30 but got a height of 32.000000. This error will be logged once per view in violation.
2021-07-30 15:14:07.901 firefox-bin[88666:16456662] Warning: Expected min height of view: (<NSButton: 0x13d2e0c00>) to be less than or equal to 30 but got a height of 32.000000. This error will be logged once per view in violation.
2021-07-30 15:14:07.901 firefox-bin[88666:16456662] Warning: Expected min height of view: (<NSButton: 0x13d2dc800>) to be less than or equal to 30 but got a height of 32.000000. This error will be logged once per view in violation.
2021-07-30 15:14:07.902 firefox-bin[88666:16456662] Warning: Expected min height of view: (<NSButton: 0x13d2dd400>) to be less than or equal to 30 but got a height of 32.000000. This error will be logged once per view in violation.
2021-07-30 15:14:07.902 firefox-bin[88666:16456662] Warning: Expected min height of view: (<NSPopoverTouchBarItemButton: 0x13d2e1000>) to be less than or equal to 30 but got a height of 32.000000. This error will be logged once per view in violation.
2021-07-30 15:14:07.903 firefox-bin[88666:16456662] Warning: Expected min height of view: (<NSPopoverTouchBarItemButton: 0x13d2e5800>) to be less than or equal to 30 but got a height of 32.000000. This error will be logged once per view in violation.
console.warn: SearchSettings: "get: No settings file exists, new profile?" (new NotFoundError("Could not open the file at /var/folders/3n/cy91y8hx0pv5gm1z1vpcrsfh0000gn/T/rust_mozprofile6akYxy/search.json.mozlz4", (void 0)))
console.error: BackgroundUpdate: 
  _reasonsToNotScheduleUpdates: Failed to check for Maintenance Service Registry Key: [Exception... "Component returned failure code: 0x80004001 (NS_ERROR_NOT_IMPLEMENTED) [nsIUpdateProcessor.getServiceRegKeyExists]"  nsresult: "0x80004001 (NS_ERROR_NOT_IMPLEMENTED)"  location: "JS frame :: resource://gre/modules/BackgroundUpdate.jsm :: _reasonsToNotScheduleUpdates :: line 243"  data: no]
1627683248891	Marionette	INFO	Listening on port 63194
1627683248953	Marionette	WARN	TLS certificate errors will be ignored for this session
1627683267284	geckodriver	INFO	Listening on 127.0.0.1:63325
1627683267291	mozrunner::runner	INFO	Running command: "/Applications/Firefox.app/Contents/MacOS/firefox-bin" "--marionette" "-foreground" "-no-remote" "-profile" "/var/folders/3n/cy91y8hx0pv5gm1z1vpcrsfh0000gn/T/rust_mozprofileEFk7F5"
1627683267710	Marionette	INFO	Marionette enabled
2021-07-30 15:14:28.526 firefox-bin[88687:16457513] Warning: Expected min height of view: (<NSButton: 0x1313a6400>) to be less than or equal to 30 but got a height of 32.000000. This error will be logged once per view in violation.
2021-07-30 15:14:28.527 firefox-bin[88687:16457513] Warning: Expected min height of view: (<NSButton: 0x13fb2dc00>) to be less than or equal to 30 but got a height of 32.000000. This error will be logged once per view in violation.
2021-07-30 15:14:28.527 firefox-bin[88687:16457513] Warning: Expected min height of view: (<NSButton: 0x13fb2e400>) to be less than or equal to 30 but got a height of 32.000000. This error will be logged once per view in violation.
2021-07-30 15:14:28.527 firefox-bin[88687:16457513] Warning: Expected min height of view: (<NSButton: 0x13fb2ec00>) to be less than or equal to 30 but got a height of 32.000000. This error will be logged once per view in violation.
2021-07-30 15:14:28.528 firefox-bin[88687:16457513] Warning: Expected min height of view: (<NSButton: 0x13fb2f000>) to be less than or equal to 30 but got a height of 32.000000. This error will be logged once per view in violation.
2021-07-30 15:14:28.528 firefox-bin[88687:16457513] Warning: Expected min height of view: (<NSPopoverTouchBarItemButton: 0x13fb30400>) to be less than or equal to 30 but got a height of 32.000000. This error will be logged once per view in violation.
2021-07-30 15:14:28.528 firefox-bin[88687:16457513] Warning: Expected min height of view: (<NSPopoverTouchBarItemButton: 0x13fc5fc00>) to be less than or equal to 30 but got a height of 32.000000. This error will be logged once per view in violation.
console.warn: SearchSettings: "get: No settings file exists, new profile?" (new NotFoundError("Could not open the file at /var/folders/3n/cy91y8hx0pv5gm1z1vpcrsfh0000gn/T/rust_mozprofileEFk7F5/search.json.mozlz4", (void 0)))
console.error: BackgroundUpdate: 
  _reasonsToNotScheduleUpdates: Failed to check for Maintenance Service Registry Key: [Exception... "Component returned failure code: 0x80004001 (NS_ERROR_NOT_IMPLEMENTED) [nsIUpdateProcessor.getServiceRegKeyExists]"  nsresult: "0x80004001 (NS_ERROR_NOT_IMPLEMENTED)"  location: "JS frame :: resource://gre/modules/BackgroundUpdate.jsm :: _reasonsToNotScheduleUpdates :: line 243"  data: no]
1627683269678	Marionette	INFO	Listening on port 63334
1627683269784	Marionette	WARN	TLS certificate errors will be ignored for this session
console.error: services.settings: 
  main/doh-providers Signature failed  InvalidSignatureError: Invalid content signature (main/doh-providers)
console.error: services.settings: 
  main/doh-providers local data was corrupted
console.warn: services.settings: main/doh-providers Signature verified failed. Retry from scratch
console.error: services.settings: 
  main/doh-config Signature failed  InvalidSignatureError: Invalid content signature (main/doh-config)
console.error: services.settings: 
  main/doh-config local data was corrupted
console.warn: services.settings: main/doh-config Signature verified failed. Retry from scratch
[ERROR osclientcerts_static::backend_macos] SecItemCopyMatching failed: -25300
console.log: WebExtensions: reset-default-search: starting.
console.log: WebExtensions: reset-default-search: No addons in our list are installed.
console.error: services.settings: 
  main/doh-providers Signature failed  InvalidSignatureError: Invalid content signature (main/doh-providers)
console.error: services.settings: 
  main/doh-providers local data was corrupted
console.warn: services.settings: main/doh-providers Signature verified failed. Retry from scratch
console.error: services.settings: 
  main/doh-config Signature failed  InvalidSignatureError: Invalid content signature (main/doh-config)
console.error: services.settings: 
  main/doh-config local data was corrupted
console.warn: services.settings: main/doh-config Signature verified failed. Retry from scratch
[ERROR osclientcerts_static::backend_macos] SecItemCopyMatching failed: -25300
console.error: services.settings: 
  main/doh-providers Signature failed  InvalidSignatureError: Invalid content signature (main/doh-providers)
console.error: services.settings: 
  main/doh-providers local data was corrupted
console.warn: services.settings: main/doh-providers Signature verified failed. Retry from scratch
console.error: services.settings: 
  main/doh-config Signature failed  InvalidSignatureError: Invalid content signature (main/doh-config)
console.error: services.settings: 
  main/doh-config local data was corrupted
console.warn: services.settings: main/doh-config Signature verified failed. Retry from scratch
[ERROR osclientcerts_static::backend_macos] SecItemCopyMatching failed: -25300
console.error: services.settings: 
  main/doh-providers Signature failed  InvalidSignatureError: Invalid content signature (main/doh-providers)
console.error: services.settings: 
  main/doh-providers local data was corrupted
console.warn: services.settings: main/doh-providers Signature verified failed. Retry from scratch
console.error: services.settings: 
  main/doh-config Signature failed  InvalidSignatureError: Invalid content signature (main/doh-config)
console.error: services.settings: 
  main/doh-config local data was corrupted
console.warn: services.settings: main/doh-config Signature verified failed. Retry from scratch
[ERROR osclientcerts_static::backend_macos] SecItemCopyMatching failed: -25300
[Parent 88687, Main Thread] WARNING: FileDescriptorSet destroyed with unconsumed descriptors: file /builds/worker/checkouts/gecko/ipc/chromium/src/chrome/common/file_descriptor_set_posix.cc:19
[Parent 88687, Main Thread] WARNING: FileDescriptorSet destroyed with unconsumed descriptors: file /builds/worker/checkouts/gecko/ipc/chromium/src/chrome/common/file_descriptor_set_posix.cc:19
console.log: WebExtensions: reset-default-search: starting.
console.log: WebExtensions: reset-default-search: No addons in our list are installed.
console.log: WebExtensions: reset-default-search: starting.
console.log: WebExtensions: reset-default-search: No addons in our list are installed.
console.log: WebExtensions: reset-default-search: starting.
console.log: WebExtensions: reset-default-search: No addons in our list are installed.
console.log: WebExtensions: reset-default-search: starting.
console.log: WebExtensions: reset-default-search: No addons in our list are installed.
console.error: services.settings: 
  main/doh-providers Signature failed  InvalidSignatureError: Invalid content signature (main/doh-providers)
console.error: services.settings: 
  main/doh-providers local data was corrupted
console.warn: services.settings: main/doh-providers Signature verified failed. Retry from scratch
console.error: services.settings: 
  main/doh-config Signature failed  InvalidSignatureError: Invalid content signature (main/doh-config)
console.error: services.settings: 
  main/doh-config local data was corrupted
console.warn: services.settings: main/doh-config Signature verified failed. Retry from scratch
[ERROR osclientcerts_static::backend_macos] SecItemCopyMatching failed: -25300
console.error: services.settings: 
  main/doh-providers Signature failed  InvalidSignatureError: Invalid content signature (main/doh-providers)
console.error: services.settings: 
  main/doh-providers local data was corrupted
console.warn: services.settings: main/doh-providers Signature verified failed. Retry from scratch
console.error: services.settings: 
  main/doh-config Signature failed  InvalidSignatureError: Invalid content signature (main/doh-config)
console.error: services.settings: 
  main/doh-config local data was corrupted
console.warn: services.settings: main/doh-config Signature verified failed. Retry from scratch
[ERROR osclientcerts_static::backend_macos] SecItemCopyMatching failed: -25300
console.log: WebExtensions: reset-default-search: starting.
console.log: WebExtensions: reset-default-search: No addons in our list are installed.
console.log: WebExtensions: reset-default-search: starting.
console.log: WebExtensions: reset-default-search: No addons in our list are installed.
1627685530861	geckodriver	INFO	Listening on 127.0.0.1:49587
1627685531833	mozrunner::runner	INFO	Running command: "/Applications/Firefox.app/Contents/MacOS/firefox-bin" "--marionette" "-foreground" "-no-remote" "-profile" "/var/folders/3n/cy91y8hx0pv5gm1z1vpcrsfh0000gn/T/rust_mozprofileVwDUHX"
1627685532737	Marionette	INFO	Marionette enabled
2021-07-30 15:52:13.570 firefox-bin[88789:16473276] Warning: Expected min height of view: (<NSButton: 0x131030c00>) to be less than or equal to 30 but got a height of 32.000000. This error will be logged once per view in violation.
2021-07-30 15:52:13.571 firefox-bin[88789:16473276] Warning: Expected min height of view: (<NSButton: 0x13d711800>) to be less than or equal to 30 but got a height of 32.000000. This error will be logged once per view in violation.
2021-07-30 15:52:13.571 firefox-bin[88789:16473276] Warning: Expected min height of view: (<NSButton: 0x13d70c800>) to be less than or equal to 30 but got a height of 32.000000. This error will be logged once per view in violation.
2021-07-30 15:52:13.571 firefox-bin[88789:16473276] Warning: Expected min height of view: (<NSButton: 0x13d710400>) to be less than or equal to 30 but got a height of 32.000000. This error will be logged once per view in violation.
2021-07-30 15:52:13.572 firefox-bin[88789:16473276] Warning: Expected min height of view: (<NSButton: 0x13d70d800>) to be less than or equal to 30 but got a height of 32.000000. This error will be logged once per view in violation.
2021-07-30 15:52:13.572 firefox-bin[88789:16473276] Warning: Expected min height of view: (<NSPopoverTouchBarItemButton: 0x13d70ec00>) to be less than or equal to 30 but got a height of 32.000000. This error will be logged once per view in violation.
2021-07-30 15:52:13.572 firefox-bin[88789:16473276] Warning: Expected min height of view: (<NSPopoverTouchBarItemButton: 0x13d7e4c00>) to be less than or equal to 30 but got a height of 32.000000. This error will be logged once per view in violation.
console.warn: SearchSettings: "get: No settings file exists, new profile?" (new NotFoundError("Could not open the file at /var/folders/3n/cy91y8hx0pv5gm1z1vpcrsfh0000gn/T/rust_mozprofileVwDUHX/search.json.mozlz4", (void 0)))
console.error: BackgroundUpdate: 
  _reasonsToNotScheduleUpdates: Failed to check for Maintenance Service Registry Key: [Exception... "Component returned failure code: 0x80004001 (NS_ERROR_NOT_IMPLEMENTED) [nsIUpdateProcessor.getServiceRegKeyExists]"  nsresult: "0x80004001 (NS_ERROR_NOT_IMPLEMENTED)"  location: "JS frame :: resource://gre/modules/BackgroundUpdate.jsm :: _reasonsToNotScheduleUpdates :: line 243"  data: no]
1627685534770	Marionette	INFO	Listening on port 49599
1627685534859	Marionette	WARN	TLS certificate errors will be ignored for this session
console.error: services.settings: 
  main/doh-providers Signature failed  InvalidSignatureError: Invalid content signature (main/doh-providers)
console.error: services.settings: 
  main/doh-providers local data was corrupted
console.warn: services.settings: main/doh-providers Signature verified failed. Retry from scratch
console.error: services.settings: 
  main/doh-config Signature failed  InvalidSignatureError: Invalid content signature (main/doh-config)
console.error: services.settings: 
  main/doh-config local data was corrupted
console.warn: services.settings: main/doh-config Signature verified failed. Retry from scratch
[ERROR osclientcerts_static::backend_macos] SecItemCopyMatching failed: -25300
console.log: WebExtensions: reset-default-search: starting.
console.log: WebExtensions: reset-default-search: No addons in our list are installed.
1627694936031	Marionette	INFO	Stopped listening on port 59922

###!!! [Parent][RunMessage] Error: Channel closing: too late to send/recv, messages will be lost

1627694940594	Marionette	INFO	Stopped listening on port 60242

###!!! [Parent][RunMessage] Error: Channel closing: too late to send/recv, messages will be lost

1627694941670	Marionette	INFO	Stopped listening on port 60721
1627694943213	Marionette	INFO	Stopped listening on port 61074
1627694944444	Marionette	INFO	Stopped listening on port 61203
1627694945695	Marionette	INFO	Stopped listening on port 61350
1627694946931	Marionette	INFO	Stopped listening on port 62151
1627694947883	Marionette	INFO	Stopped listening on port 62385

###!!! [Parent][RunMessage] Error: Channel closing: too late to send/recv, messages will be lost

1627694949924	Marionette	INFO	Stopped listening on port 62517

###!!! [Parent][RunMessage] Error: Channel closing: too late to send/recv, messages will be lost

1627694950835	Marionette	INFO	Stopped listening on port 62628
1627694954668	Marionette	INFO	Stopped listening on port 62735
1627694956426	Marionette	INFO	Stopped listening on port 63194
1627694958327	Marionette	INFO	Stopped listening on port 63334
1627694964462	Marionette	INFO	Stopped listening on port 49599
1627696493973	geckodriver	INFO	Listening on 127.0.0.1:62303
1627696493987	mozrunner::runner	INFO	Running command: "/Applications/Firefox.app/Contents/MacOS/firefox-bin" "--marionette" "-foreground" "-no-remote" "-profile" "/var/folders/3n/cy91y8hx0pv5gm1z1vpcrsfh0000gn/T/rust_mozprofileBtfOfk"
1627696495494	Marionette	INFO	Marionette enabled
2021-07-30 18:54:56.738 firefox-bin[89393:16553639] Warning: Expected min height of view: (<NSButton: 0x130061800>) to be less than or equal to 30 but got a height of 32.000000. This error will be logged once per view in violation.
2021-07-30 18:54:56.739 firefox-bin[89393:16553639] Warning: Expected min height of view: (<NSButton: 0x13da59000>) to be less than or equal to 30 but got a height of 32.000000. This error will be logged once per view in violation.
2021-07-30 18:54:56.739 firefox-bin[89393:16553639] Warning: Expected min height of view: (<NSButton: 0x13da5bc00>) to be less than or equal to 30 but got a height of 32.000000. This error will be logged once per view in violation.
2021-07-30 18:54:56.739 firefox-bin[89393:16553639] Warning: Expected min height of view: (<NSButton: 0x13da56c00>) to be less than or equal to 30 but got a height of 32.000000. This error will be logged once per view in violation.
2021-07-30 18:54:56.740 firefox-bin[89393:16553639] Warning: Expected min height of view: (<NSButton: 0x13da5c800>) to be less than or equal to 30 but got a height of 32.000000. This error will be logged once per view in violation.
2021-07-30 18:54:56.740 firefox-bin[89393:16553639] Warning: Expected min height of view: (<NSPopoverTouchBarItemButton: 0x13da5c000>) to be less than or equal to 30 but got a height of 32.000000. This error will be logged once per view in violation.
2021-07-30 18:54:56.740 firefox-bin[89393:16553639] Warning: Expected min height of view: (<NSPopoverTouchBarItemButton: 0x13da5e800>) to be less than or equal to 30 but got a height of 32.000000. This error will be logged once per view in violation.
console.warn: SearchSettings: "get: No settings file exists, new profile?" (new NotFoundError("Could not open the file at /var/folders/3n/cy91y8hx0pv5gm1z1vpcrsfh0000gn/T/rust_mozprofileBtfOfk/search.json.mozlz4", (void 0)))
console.error: BackgroundUpdate: 
  _reasonsToNotScheduleUpdates: Failed to check for Maintenance Service Registry Key: [Exception... "Component returned failure code: 0x80004001 (NS_ERROR_NOT_IMPLEMENTED) [nsIUpdateProcessor.getServiceRegKeyExists]"  nsresult: "0x80004001 (NS_ERROR_NOT_IMPLEMENTED)"  location: "JS frame :: resource://gre/modules/BackgroundUpdate.jsm :: _reasonsToNotScheduleUpdates :: line 243"  data: no]
1627696497885	Marionette	INFO	Listening on port 62312
1627696497977	Marionette	WARN	TLS certificate errors will be ignored for this session
1627696524984	Marionette	INFO	Stopped listening on port 62312
